E:\OpenCV\workplace\OpticalFlowFarneback\Debug\OpticalFlowFarneback.pdb
E:\OpenCV\workplace\OpticalFlowFarneback\OpticalFlowFarneback\Debug\cl.command.1.tlog
E:\OpenCV\workplace\OpticalFlowFarneback\OpticalFlowFarneback\Debug\CL.read.1.tlog
E:\OpenCV\workplace\OpticalFlowFarneback\OpticalFlowFarneback\Debug\CL.write.1.tlog
E:\OpenCV\workplace\OpticalFlowFarneback\OpticalFlowFarneback\Debug\link.command.1.tlog
E:\OpenCV\workplace\OpticalFlowFarneback\OpticalFlowFarneback\Debug\link.read.1.tlog
E:\OpenCV\workplace\OpticalFlowFarneback\OpticalFlowFarneback\Debug\link.write.1.tlog
E:\OpenCV\workplace\OpticalFlowFarneback\OpticalFlowFarneback\Debug\link-cvtres.read.1.tlog
E:\OpenCV\workplace\OpticalFlowFarneback\OpticalFlowFarneback\Debug\link-cvtres.write.1.tlog
E:\OpenCV\workplace\OpticalFlowFarneback\OpticalFlowFarneback\Debug\OpticalFlowFarneback.exe.embed.manifest
E:\OPENCV\WORKPLACE\OPTICALFLOWFARNEBACK\OPTICALFLOWFARNEBACK\DEBUG\OPTICALFLOWFARNEBACK.EXE.EMBED.MANIFEST.RES
E:\OpenCV\workplace\OpticalFlowFarneback\OpticalFlowFarneback\Debug\OpticalFlowFarneback.exe.intermediate.manifest
E:\OpenCV\workplace\OpticalFlowFarneback\OpticalFlowFarneback\Debug\OpticalFlowFarneback.write.1.tlog
E:\OpenCV\workplace\OpticalFlowFarneback\OpticalFlowFarneback\Debug\OpticalFlowFarneback_manifest.rc
E:\OpenCV\workplace\OpticalFlowFarneback\OpticalFlowFarneback\Debug\rc.command.1.tlog
E:\OpenCV\workplace\OpticalFlowFarneback\OpticalFlowFarneback\Debug\rc.read.1.tlog
E:\OpenCV\workplace\OpticalFlowFarneback\OpticalFlowFarneback\Debug\rc.write.1.tlog
E:\OPENCV\WORKPLACE\OPTICALFLOWFARNEBACK\OPTICALFLOWFARNEBACK\DEBUG\T_MAIN.OBJ
E:\OpenCV\workplace\OpticalFlowFarneback\OpticalFlowFarneback\Debug\vc100.idb
E:\OPENCV\WORKPLACE\OPTICALFLOWFARNEBACK\OPTICALFLOWFARNEBACK\DEBUG\VC100.PDB
